<?xml version="1.0" encoding="UTF-8"?>
<!-- Generated by org.testng.reporters.JUnitXMLReporter -->
<testsuite hostname="ASDP1760PO02529" ignored="0" name="Default test" tests="9" failures="0" timestamp="28 Jun 2018 09:12:36 GMT" time="13.822" errors="0">
  <testcase name="test1_attempt_Click_On_BasicCourse" time="0.318" classname="com.qait.automation.MavenFirst.TestByClasses"/>
  <testcase name="test2_attempt_Click_To_ChooseGreen" time="0.347" classname="com.qait.automation.MavenFirst.TestByClasses"/>
  <testcase name="test3_attempt_Unsuccessful__Color_Match_And_Proceed" time="0.838" classname="com.qait.automation.MavenFirst.TestByClasses"/>
  <testcase name="test4_attempt_Successful__Color_Match_And_Proceed" time="0.672" classname="com.qait.automation.MavenFirst.TestByClasses"/>
  <testcase name="test6_attempt_Successful_Drag_Will_Goto_Nextpage" time="0.243" classname="com.qait.automation.MavenFirst.TestByClasses"/>
  <testcase name="test7_attempt_Proceed_No_Text" time="1.379" classname="com.qait.automation.MavenFirst.TestByClasses"/>
  <testcase name="test7_attempt_Proceed_Some_Text" time="1.422" classname="com.qait.automation.MavenFirst.TestByClasses"/>
  <testcase name="test8_attempt_Click_After_Notadding_Cookie" time="0.275" classname="com.qait.automation.MavenFirst.TestByClasses"/>
  <testcase name="test8_attempt_Click_After_Adding_Cookie" time="0.414" classname="com.qait.automation.MavenFirst.TestByClasses"/>
</testsuite> <!-- Default test -->
